0 info it worked if it ends with ok
1 verbose cli [ 'c:\\Program Files\\nodejs\\node.exe',
1 verbose cli   'c:\\Program Files\\nodejs\\node_modules\\npm\\bin\\npm-cli.js',
1 verbose cli   'install',
1 verbose cli   'gulp-compass',
1 verbose cli   'gulp-browser-sync',
1 verbose cli   '--save-dev' ]
2 info using npm@1.4.28
3 info using node@v0.10.33
4 warn package.json gulp_demo@1.0.0 No README data
5 verbose readDependencies using package.json deps
6 verbose cache add [ 'gulp-compass@^2.0.3', null ]
7 verbose cache add name=undefined spec="gulp-compass@^2.0.3" args=["gulp-compass@^2.0.3",null]
8 verbose parsed url { protocol: null,
8 verbose parsed url   slashes: null,
8 verbose parsed url   auth: null,
8 verbose parsed url   host: null,
8 verbose parsed url   port: null,
8 verbose parsed url   hostname: null,
8 verbose parsed url   hash: null,
8 verbose parsed url   search: null,
8 verbose parsed url   query: null,
8 verbose parsed url   pathname: 'gulp-compass@^2.0.3',
8 verbose parsed url   path: 'gulp-compass@^2.0.3',
8 verbose parsed url   href: 'gulp-compass@^2.0.3' }
9 verbose cache add [ 'gulp-browser-sync', null ]
10 verbose cache add name=undefined spec="gulp-browser-sync" args=["gulp-browser-sync",null]
11 verbose parsed url { protocol: null,
11 verbose parsed url   slashes: null,
11 verbose parsed url   auth: null,
11 verbose parsed url   host: null,
11 verbose parsed url   port: null,
11 verbose parsed url   hostname: null,
11 verbose parsed url   hash: null,
11 verbose parsed url   search: null,
11 verbose parsed url   query: null,
11 verbose parsed url   pathname: 'gulp-browser-sync',
11 verbose parsed url   path: 'gulp-browser-sync',
11 verbose parsed url   href: 'gulp-browser-sync' }
12 verbose cache add name="gulp-compass" spec="^2.0.3" args=["gulp-compass","^2.0.3"]
13 verbose parsed url { protocol: null,
13 verbose parsed url   slashes: null,
13 verbose parsed url   auth: null,
13 verbose parsed url   host: null,
13 verbose parsed url   port: null,
13 verbose parsed url   hostname: null,
13 verbose parsed url   hash: null,
13 verbose parsed url   search: null,
13 verbose parsed url   query: null,
13 verbose parsed url   pathname: '^2.0.3',
13 verbose parsed url   path: '^2.0.3',
13 verbose parsed url   href: '^2.0.3' }
14 verbose addNamed [ 'gulp-compass', '^2.0.3' ]
15 verbose addNamed [ null, '>=2.0.3-0 <3.0.0-0' ]
16 silly lockFile 5d34bc74-gulp-compass-2-0-3 gulp-compass@^2.0.3
17 verbose lock gulp-compass@^2.0.3 C:\Users\Administrator\AppData\Roaming\npm-cache\5d34bc74-gulp-compass-2-0-3.lock
18 silly lockFile b33bd72e-gulp-browser-sync gulp-browser-sync
19 verbose lock gulp-browser-sync C:\Users\Administrator\AppData\Roaming\npm-cache\b33bd72e-gulp-browser-sync.lock
20 silly addNameRange { name: 'gulp-compass',
20 silly addNameRange   range: '>=2.0.3-0 <3.0.0-0',
20 silly addNameRange   hasData: false }
21 silly lockFile b33bd72e-gulp-browser-sync gulp-browser-sync
22 silly lockFile b33bd72e-gulp-browser-sync gulp-browser-sync
23 verbose addNamed [ 'gulp-browser-sync', '' ]
24 verbose addNamed [ null, '*' ]
25 silly lockFile 4c305f9a-gulp-browser-sync gulp-browser-sync@
26 verbose lock gulp-browser-sync@ C:\Users\Administrator\AppData\Roaming\npm-cache\4c305f9a-gulp-browser-sync.lock
27 verbose request where is /gulp-compass
28 verbose request registry https://registry.npmjs.org/
29 verbose request id ad86741130f419fe
30 verbose url raw /gulp-compass
31 verbose url resolving [ 'https://registry.npmjs.org/', './gulp-compass' ]
32 verbose url resolved https://registry.npmjs.org/gulp-compass
33 verbose request where is https://registry.npmjs.org/gulp-compass
34 info trying registry request attempt 1 at 21:55:36
35 verbose etag "EOXIWQWA9HJ033Z3TJFV6K42V"
36 http GET https://registry.npmjs.org/gulp-compass
37 silly addNameRange { name: 'gulp-browser-sync', range: '*', hasData: false }
38 verbose request where is /gulp-browser-sync
39 verbose request registry https://registry.npmjs.org/
40 verbose url raw /gulp-browser-sync
41 verbose url resolving [ 'https://registry.npmjs.org/', './gulp-browser-sync' ]
42 verbose url resolved https://registry.npmjs.org/gulp-browser-sync
43 verbose request where is https://registry.npmjs.org/gulp-browser-sync
44 info trying registry request attempt 1 at 21:55:36
45 http GET https://registry.npmjs.org/gulp-browser-sync
46 http 304 https://registry.npmjs.org/gulp-compass
47 silly registry.get cb [ 304,
47 silly registry.get   { date: 'Sun, 21 Dec 2014 13:55:41 GMT',
47 silly registry.get     server: 'Apache',
47 silly registry.get     via: '1.1 varnish',
47 silly registry.get     'last-modified': 'Sun, 21 Dec 2014 13:54:59 GMT',
47 silly registry.get     'cache-control': 'max-age=60',
47 silly registry.get     etag: '"EOXIWQWA9HJ033Z3TJFV6K42V"',
47 silly registry.get     age: '42',
47 silly registry.get     'x-served-by': 'cache-ty66-TYO',
47 silly registry.get     'x-cache': 'HIT',
47 silly registry.get     'x-cache-hits': '1',
47 silly registry.get     'x-timer': 'S1419170141.157802,VS0,VE0',
47 silly registry.get     vary: 'Accept',
47 silly registry.get     'content-length': '0',
47 silly registry.get     'keep-alive': 'timeout=10, max=50',
47 silly registry.get     connection: 'Keep-Alive' } ]
48 verbose etag https://registry.npmjs.org/gulp-compass from cache
49 silly addNameRange number 2 { name: 'gulp-compass',
49 silly addNameRange   range: '>=2.0.3-0 <3.0.0-0',
49 silly addNameRange   hasData: true }
50 silly addNameRange versions [ 'gulp-compass',
50 silly addNameRange   [ '0.0.1',
50 silly addNameRange     '0.0.2',
50 silly addNameRange     '0.0.3',
50 silly addNameRange     '0.0.4',
50 silly addNameRange     '0.0.5',
50 silly addNameRange     '0.0.6',
50 silly addNameRange     '1.0.0',
50 silly addNameRange     '1.0.1',
50 silly addNameRange     '1.0.2',
50 silly addNameRange     '1.0.3',
50 silly addNameRange     '1.0.4',
50 silly addNameRange     '1.0.5',
50 silly addNameRange     '1.0.6',
50 silly addNameRange     '1.0.7',
50 silly addNameRange     '1.0.8',
50 silly addNameRange     '1.0.9',
50 silly addNameRange     '1.1.0',
50 silly addNameRange     '1.1.1',
50 silly addNameRange     '1.1.2',
50 silly addNameRange     '1.1.3',
50 silly addNameRange     '1.1.4',
50 silly addNameRange     '1.1.5',
50 silly addNameRange     '1.1.6',
50 silly addNameRange     '1.1.7',
50 silly addNameRange     '1.1.8',
50 silly addNameRange     '1.1.9',
50 silly addNameRange     '1.2.0',
50 silly addNameRange     '1.3.0',
50 silly addNameRange     '1.3.1',
50 silly addNameRange     '1.3.2',
50 silly addNameRange     '1.3.3',
50 silly addNameRange     '2.0.0',
50 silly addNameRange     '2.0.1',
50 silly addNameRange     '2.0.2',
50 silly addNameRange     '2.0.3' ] ]
51 verbose addNamed [ 'gulp-compass', '2.0.3' ]
52 verbose addNamed [ '2.0.3', '2.0.3' ]
53 silly lockFile 2f041c41-gulp-compass-2-0-3 gulp-compass@2.0.3
54 verbose lock gulp-compass@2.0.3 C:\Users\Administrator\AppData\Roaming\npm-cache\2f041c41-gulp-compass-2-0-3.lock
55 silly lockFile 2f041c41-gulp-compass-2-0-3 gulp-compass@2.0.3
56 silly lockFile 2f041c41-gulp-compass-2-0-3 gulp-compass@2.0.3
57 silly lockFile 5d34bc74-gulp-compass-2-0-3 gulp-compass@^2.0.3
58 silly lockFile 5d34bc74-gulp-compass-2-0-3 gulp-compass@^2.0.3
59 http 404 https://registry.npmjs.org/gulp-browser-sync
60 verbose headers { date: 'Sun, 21 Dec 2014 13:55:41 GMT',
60 verbose headers   server: 'CouchDB/1.5.0 (Erlang OTP/R16B03)',
60 verbose headers   'content-type': 'application/json',
60 verbose headers   'cache-control': 'max-age=0',
60 verbose headers   'content-length': '52',
60 verbose headers   'accept-ranges': 'bytes',
60 verbose headers   via: '1.1 varnish',
60 verbose headers   age: '0',
60 verbose headers   'x-served-by': 'cache-ty67-TYO',
60 verbose headers   'x-cache': 'MISS',
60 verbose headers   'x-cache-hits': '0',
60 verbose headers   'x-timer': 'S1419170141.137145,VS0,VE122',
60 verbose headers   'keep-alive': 'timeout=10, max=50',
60 verbose headers   connection: 'Keep-Alive' }
61 silly registry.get cb [ 404,
61 silly registry.get   { date: 'Sun, 21 Dec 2014 13:55:41 GMT',
61 silly registry.get     server: 'CouchDB/1.5.0 (Erlang OTP/R16B03)',
61 silly registry.get     'content-type': 'application/json',
61 silly registry.get     'cache-control': 'max-age=0',
61 silly registry.get     'content-length': '52',
61 silly registry.get     'accept-ranges': 'bytes',
61 silly registry.get     via: '1.1 varnish',
61 silly registry.get     age: '0',
61 silly registry.get     'x-served-by': 'cache-ty67-TYO',
61 silly registry.get     'x-cache': 'MISS',
61 silly registry.get     'x-cache-hits': '0',
61 silly registry.get     'x-timer': 'S1419170141.137145,VS0,VE122',
61 silly registry.get     'keep-alive': 'timeout=10, max=50',
61 silly registry.get     connection: 'Keep-Alive' } ]
62 silly lockFile 4c305f9a-gulp-browser-sync gulp-browser-sync@
63 silly lockFile 4c305f9a-gulp-browser-sync gulp-browser-sync@
64 error 404 404 Not Found: gulp-browser-sync
64 error 404
64 error 404 'gulp-browser-sync' is not in the npm registry.
64 error 404 You should bug the author to publish it
64 error 404 It was specified as a dependency of 'gulp_demo'
64 error 404
64 error 404 Note that you can also install from a
64 error 404 tarball, folder, or http url, or git url.
65 error System Windows_NT 6.1.7601
66 error command "c:\\Program Files\\nodejs\\node.exe" "c:\\Program Files\\nodejs\\node_modules\\npm\\bin\\npm-cli.js" "install" "gulp-compass" "gulp-browser-sync" "--save-dev"
67 error cwd c:\Users\Administrator\Desktop\gulp_demo
68 error node -v v0.10.33
69 error npm -v 1.4.28
70 error code E404
71 verbose exit [ 1, true ]
